Content-Type: multipart/alternative;
 boundary="===============5212195762776236015=="
MIME-Version: 1.0
Subject: =?utf-8?b?566A5qGj5r+A5rS7?=
From: test@example.com
To: changyuw@test.com
Date: Sat, 01 Feb 2020 09:48:21 -0000
Message-ID: <158055050197.80.17918041032105431817@f05cf81e27a9>

--===============5212195762776236015==
Content-Type: text/plain; charset="utf-8"
MIME-Version: 1.0
Content-Transfer-Encoding: 8bit



若要激活你的账号，请访问以下链接：

http://172.23.201.216:8000/accounts/activate/aQk6w3fBOkZqRYPUjhpY/

--===============5212195762776236015==
Content-Type: text/html; charset="utf-8"
MIME-Version: 1.0
Content-Transfer-Encoding: 8bit



<!DOCTYPE html PUBLIC "-//W3C//DTD XHTML 1.0 Transitional//EN"
        "http://www.w3.org/TR/xhtml1/DTD/xhtml1-transitional.dtd">
<html xmlns="http://www.w3.org/1999/xhtml">
<head>
    <meta http-equiv="Content-Type" content="text/html; charset=UTF-8"/>
    <title>简档激活</title>
    <meta name="viewport" content="width=device-width, initial-scale=1.0"/>
</head>

<body>

<p>
    若要激活你的账号，请访问以下链接：
</p>

<p>
    <a href="http://172.23.201.216:8000/accounts/activate/aQk6w3fBOkZqRYPUjhpY/">http://172.23.201.216:8000/accounts/activate/aQk6w3fBOkZqRYPUjhpY/</a>
</p>

</body>

</html>

--===============5212195762776236015==--

-------------------------------------------------------------------------------
