Content-Type: multipart/alternative;
 boundary="===============3053126723303344993=="
MIME-Version: 1.0
Subject: =?utf-8?b?5L+u5pS555S15a2Q6YKu566x?=
From: test@example.com
To: changyuw@test1.com
Date: Mon, 03 Feb 2020 13:26:35 -0000
Message-ID: <158073639567.241.10147489477219643772@1b96aff3bb77>

--===============3053126723303344993==
Content-Type: text/plain; charset="utf-8"
MIME-Version: 1.0
Content-Transfer-Encoding: 8bit



要更改您当前的电子邮件地址，请点击以下链接：

http://172.30.31.35:8000/accounts/change/email/ZqslRvJ1MsQWkSuDE08d/

--===============3053126723303344993==
Content-Type: text/html; charset="utf-8"
MIME-Version: 1.0
Content-Transfer-Encoding: 8bit



<!DOCTYPE html PUBLIC "-//W3C//DTD XHTML 1.0 Transitional//EN"
        "http://www.w3.org/TR/xhtml1/DTD/xhtml1-transitional.dtd">
<html xmlns="http://www.w3.org/1999/xhtml">
<head>
    <meta http-equiv="Content-Type" content="text/html; charset=UTF-8"/>
    <title>修改电子邮箱</title>
    <meta name="viewport" content="width=device-width, initial-scale=1.0"/>
</head>

<body>

<p>
    要更改您当前的电子邮件地址，请点击以下链接：
</p>

<p>
    <a href="http://172.30.31.35:8000/accounts/change/email/ZqslRvJ1MsQWkSuDE08d/">http://172.30.31.35:8000/accounts/change/email/ZqslRvJ1MsQWkSuDE08d/</a>
</p>

</body>

</html>

--===============3053126723303344993==--

-------------------------------------------------------------------------------
